2026-03-28 00:00:24,454 [INFO] Logging to outputs\logs\baseline_run_20260327_183024.log
2026-03-28 00:00:25,003 [WARNING] Potential scaling mismatch on feature 'rainfall' (>|5.0| std from train).
2026-03-28 00:00:25,005 [WARNING] Potential scaling mismatch on feature 'soil_moisture' (>|5.0| std from train).
2026-03-28 00:00:25,028 [WARNING] Potential scaling mismatch on feature 'rainfall' (>|5.0| std from train).
2026-03-28 00:00:25,029 [WARNING] Potential scaling mismatch on feature 'evapotranspiration' (>|5.0| std from train).
2026-03-28 00:00:45,887 [WARNING] Potential scaling mismatch on feature 'rainfall' (>|5.0| std from train).
2026-03-28 00:00:45,889 [WARNING] Potential scaling mismatch on feature 'soil_moisture' (>|5.0| std from train).
2026-03-28 00:00:45,913 [WARNING] Potential scaling mismatch on feature 'rainfall' (>|5.0| std from train).
2026-03-28 00:00:45,914 [WARNING] Potential scaling mismatch on feature 'evapotranspiration' (>|5.0| std from train).
2026-03-28 00:01:02,661 [WARNING] Potential scaling mismatch on feature 'rainfall' (>|5.0| std from train).
2026-03-28 00:01:02,662 [WARNING] Potential scaling mismatch on feature 'soil_moisture' (>|5.0| std from train).
2026-03-28 00:01:02,680 [WARNING] Potential scaling mismatch on feature 'rainfall' (>|5.0| std from train).
2026-03-28 00:01:02,681 [WARNING] Potential scaling mismatch on feature 'evapotranspiration' (>|5.0| std from train).
2026-03-28 00:01:19,068 [WARNING] Potential scaling mismatch on feature 'rainfall' (>|5.0| std from train).
2026-03-28 00:01:19,069 [WARNING] Potential scaling mismatch on feature 'soil_moisture' (>|5.0| std from train).
2026-03-28 00:01:19,091 [WARNING] Potential scaling mismatch on feature 'rainfall' (>|5.0| std from train).
2026-03-28 00:01:19,092 [WARNING] Potential scaling mismatch on feature 'evapotranspiration' (>|5.0| std from train).
2026-03-28 00:01:35,087 [WARNING] Potential scaling mismatch on feature 'rainfall' (>|5.0| std from train).
2026-03-28 00:01:35,088 [WARNING] Potential scaling mismatch on feature 'soil_moisture' (>|5.0| std from train).
2026-03-28 00:01:35,112 [WARNING] Potential scaling mismatch on feature 'rainfall' (>|5.0| std from train).
2026-03-28 00:01:35,112 [WARNING] Potential scaling mismatch on feature 'evapotranspiration' (>|5.0| std from train).
2026-03-28 00:01:54,175 [INFO] Cross-region metrics (mean): {'mean_RMSE': np.float64(71.60195468228179), 'mean_MAE': np.float64(70.68266351878917), 'mean_R2': np.float64(-38.408712562192896), 'std_RMSE': np.float64(0.48919713563920697), 'std_MAE': np.float64(0.49983837415958254), 'std_R2': np.float64(0.5373093757624698)}
2026-03-28 00:01:54,175 [INFO] Transfer metrics (mean): {'mean_RMSE': np.float64(57.75952616845147), 'mean_MAE': np.float64(56.62206269194074), 'mean_R2': np.float64(-24.644107600671454), 'std_RMSE': np.float64(0.3676188791127851), 'std_MAE': np.float64(0.3749870653628543), 'std_R2': np.float64(0.32672865475936946)}
2026-03-28 00:01:54,176 [INFO] Finished run. Outputs saved to C:\Users\Kpand\OneDrive\Desktop\minor_project\outputs
