2026-03-27 23:59:01,113 [INFO] Logging to outputs\logs\baseline_run_20260327_182901.log
2026-03-27 23:59:01,468 [WARNING] Potential scaling mismatch on feature 'rainfall' (>|5.0| std from train).
2026-03-27 23:59:01,469 [WARNING] Potential scaling mismatch on feature 'soil_moisture' (>|5.0| std from train).
2026-03-27 23:59:01,485 [WARNING] Potential scaling mismatch on feature 'rainfall' (>|5.0| std from train).
2026-03-27 23:59:01,486 [WARNING] Potential scaling mismatch on feature 'evapotranspiration' (>|5.0| std from train).
2026-03-27 23:59:20,295 [WARNING] Potential scaling mismatch on feature 'rainfall' (>|5.0| std from train).
2026-03-27 23:59:20,297 [WARNING] Potential scaling mismatch on feature 'soil_moisture' (>|5.0| std from train).
2026-03-27 23:59:20,317 [WARNING] Potential scaling mismatch on feature 'rainfall' (>|5.0| std from train).
2026-03-27 23:59:20,318 [WARNING] Potential scaling mismatch on feature 'evapotranspiration' (>|5.0| std from train).
2026-03-27 23:59:37,747 [WARNING] Potential scaling mismatch on feature 'rainfall' (>|5.0| std from train).
2026-03-27 23:59:37,748 [WARNING] Potential scaling mismatch on feature 'soil_moisture' (>|5.0| std from train).
2026-03-27 23:59:37,773 [WARNING] Potential scaling mismatch on feature 'rainfall' (>|5.0| std from train).
2026-03-27 23:59:37,773 [WARNING] Potential scaling mismatch on feature 'evapotranspiration' (>|5.0| std from train).
2026-03-27 23:59:54,679 [WARNING] Potential scaling mismatch on feature 'rainfall' (>|5.0| std from train).
2026-03-27 23:59:54,680 [WARNING] Potential scaling mismatch on feature 'soil_moisture' (>|5.0| std from train).
2026-03-27 23:59:54,702 [WARNING] Potential scaling mismatch on feature 'rainfall' (>|5.0| std from train).
2026-03-27 23:59:54,702 [WARNING] Potential scaling mismatch on feature 'evapotranspiration' (>|5.0| std from train).
2026-03-28 00:00:11,535 [WARNING] Potential scaling mismatch on feature 'rainfall' (>|5.0| std from train).
2026-03-28 00:00:11,537 [WARNING] Potential scaling mismatch on feature 'soil_moisture' (>|5.0| std from train).
2026-03-28 00:00:11,559 [WARNING] Potential scaling mismatch on feature 'rainfall' (>|5.0| std from train).
2026-03-28 00:00:11,560 [WARNING] Potential scaling mismatch on feature 'evapotranspiration' (>|5.0| std from train).
2026-03-28 00:00:33,089 [INFO] Cross-region metrics (mean): {'mean_RMSE': np.float64(71.60195468228179), 'mean_MAE': np.float64(70.68266351878917), 'mean_R2': np.float64(-38.408712562192896), 'std_RMSE': np.float64(0.48919713563920697), 'std_MAE': np.float64(0.49983837415958254), 'std_R2': np.float64(0.5373093757624698)}
2026-03-28 00:00:33,089 [INFO] Transfer metrics (mean): {'mean_RMSE': np.float64(57.75952616845147), 'mean_MAE': np.float64(56.62206269194074), 'mean_R2': np.float64(-24.644107600671454), 'std_RMSE': np.float64(0.3676188791127851), 'std_MAE': np.float64(0.3749870653628543), 'std_R2': np.float64(0.32672865475936946)}
2026-03-28 00:00:33,090 [INFO] Finished run. Outputs saved to C:\Users\Kpand\OneDrive\Desktop\minor_project\outputs
